# JRE version: OpenJDK Runtime Environment (23.0.2+7) (build 23.0.2+7-58)
# Java VM: OpenJDK 64-Bit Server VM (23.0.2+7-58, mixed mode, sharing, tiered, compressed oops, compressed class ptrs, g1 gc, windows-amd64)
GC Precious Log:
 CardTable entry size: 512
 Card Set container configuration: InlinePtr #cards 4 size 8 Array Of Cards #cards 16 size 48 Howl #buckets 8 coarsen threshold 3686 Howl Bitmap #cards 512 size 80 coarsen threshold 460 Card regions per heap region 1 cards per card region 4096
 CPUs: 8 total, 8 available
 Memory: 12051M
 Large Page Support: Disabled
 NUMA Support: Disabled
 Compressed Oops: Enabled (Zero based)
 Heap Region Size: 2M
 Heap Min Capacity: 8M
 Heap Initial Capacity: 190M
 Heap Max Capacity: 3014M
 Pre-touch: Disabled
 Parallel Workers: 8
 Concurrent Workers: 2
 Concurrent Refinement Workers: 8
 Periodic GC: Disabled
Heap:
 garbage-first heap   total reserved 3086336K, committed 485376K, used 157182K [0x0000000743a00000, 0x0000000800000000)
  region size 2048K, 3 young (6144K), 1 survivors (2048K)
 Metaspace       used 74674K, committed 75392K, reserved 1179648K
  class space    used 10313K, committed 10624K, reserved 1048576K
GC Heap History (20 events):
Event: 6.482 GC heap before
{Heap before GC invocations=10 (full 0):
 garbage-first heap   total reserved 3086336K, committed 67584K, used 49786K [0x0000000743a00000, 0x0000000800000000)
  region size 2048K, 17 young (34816K), 3 survivors (6144K)
 Metaspace       used 53029K, committed 53632K, reserved 1114112K
  class space    used 7093K, committed 7360K, reserved 1048576K
}
Event: 6.492 GC heap after
{Heap after GC invocations=11 (full 0):
 garbage-first heap   total reserved 3086336K, committed 67584K, used 25338K [0x0000000743a00000, 0x0000000800000000)
  region size 2048K, 3 young (6144K), 3 survivors (6144K)
 Metaspace       used 53029K, committed 53632K, reserved 1114112K
  class space    used 7093K, committed 7360K, reserved 1048576K
}
Event: 7.049 GC heap before
{Heap before GC invocations=11 (full 0):
 garbage-first heap   total reserved 3086336K, committed 67584K, used 54010K [0x0000000743a00000, 0x0000000800000000)
  region size 2048K, 17 young (34816K), 3 survivors (6144K)
 Metaspace       used 58961K, committed 59520K, reserved 1114112K
  class space    used 8076K, committed 8320K, reserved 1048576K
}
Event: 7.058 GC heap after
{Heap after GC invocations=12 (full 0):
 garbage-first heap   total reserved 3086336K, committed 67584K, used 26917K [0x0000000743a00000, 0x0000000800000000)
  region size 2048K, 2 young (4096K), 2 survivors (4096K)
 Metaspace       used 58961K, committed 59520K, reserved 1114112K
  class space    used 8076K, committed 8320K, reserved 1048576K
}
Event: 7.292 GC heap before
{Heap before GC invocations=12 (full 0):
 garbage-first heap   total reserved 3086336K, committed 67584K, used 28965K [0x0000000743a00000, 0x0000000800000000)
  region size 2048K, 4 young (8192K), 2 survivors (4096K)
 Metaspace       used 59650K, committed 60288K, reserved 1114112K
  class space    used 8158K, committed 8448K, reserved 1048576K
}
Event: 7.297 GC heap after
{Heap after GC invocations=13 (full 0):
 garbage-first heap   total reserved 3086336K, committed 67584K, used 26475K [0x0000000743a00000, 0x0000000800000000)
  region size 2048K, 1 young (2048K), 1 survivors (2048K)
 Metaspace       used 59650K, committed 60288K, reserved 1114112K
  class space    used 8158K, committed 8448K, reserved 1048576K
}
Event: 8.025 GC heap before
{Heap before GC invocations=14 (full 0):
 garbage-first heap   total reserved 3086336K, committed 67584K, used 57195K [0x0000000743a00000, 0x0000000800000000)
  region size 2048K, 16 young (32768K), 1 survivors (2048K)
 Metaspace       used 63879K, committed 64512K, reserved 1114112K
  class space    used 8762K, committed 9024K, reserved 1048576K
}
Event: 8.028 GC heap after
{Heap after GC invocations=15 (full 0):
 garbage-first heap   total reserved 3086336K, committed 67584K, used 29285K [0x0000000743a00000, 0x0000000800000000)
  region size 2048K, 2 young (4096K), 2 survivors (4096K)
 Metaspace       used 63879K, committed 64512K, reserved 1114112K
  class space    used 8762K, committed 9024K, reserved 1048576K
}
Event: 8.789 GC heap before
{Heap before GC invocations=15 (full 0):
 garbage-first heap   total reserved 3086336K, committed 67584K, used 55909K [0x0000000743a00000, 0x0000000800000000)
  region size 2048K, 15 young (30720K), 2 survivors (4096K)
 Metaspace       used 68821K, committed 69504K, reserved 1114112K
  class space    used 9478K, committed 9792K, reserved 1048576K
}
Event: 8.797 GC heap after
{Heap after GC invocations=16 (full 0):
 garbage-first heap   total reserved 3086336K, committed 67584K, used 31200K [0x0000000743a00000, 0x0000000800000000)
  region size 2048K, 2 young (4096K), 2 survivors (4096K)
 Metaspace       used 68821K, committed 69504K, reserved 1114112K
  class space    used 9478K, committed 9792K, reserved 1048576K
}
Event: 9.416 GC heap before
{Heap before GC invocations=16 (full 0):
 garbage-first heap   total reserved 3086336K, committed 67584K, used 53728K [0x0000000743a00000, 0x0000000800000000)
  region size 2048K, 13 young (26624K), 2 survivors (4096K)
 Metaspace       used 71457K, committed 72192K, reserved 1114112K
  class space    used 9874K, committed 10176K, reserved 1048576K
}
Event: 9.421 GC heap after
{Heap after GC invocations=17 (full 0):
 garbage-first heap   total reserved 3086336K, committed 67584K, used 33585K [0x0000000743a00000, 0x0000000800000000)
  region size 2048K, 2 young (4096K), 2 survivors (4096K)
 Metaspace       used 71457K, committed 72192K, reserved 1114112K
  class space    used 9874K, committed 10176K, reserved 1048576K
}
Event: 129.586 GC heap before
{Heap before GC invocations=18 (full 0):
 garbage-first heap   total reserved 3086336K, committed 202752K, used 199473K [0x0000000743a00000, 0x0000000800000000)
  region size 2048K, 8 young (16384K), 2 survivors (4096K)
 Metaspace       used 74131K, committed 74880K, reserved 1114112K
  class space    used 10268K, committed 10560K, reserved 1048576K
}
Event: 129.595 GC heap after
{Heap after GC invocations=19 (full 0):
 garbage-first heap   total reserved 3086336K, committed 208896K, used 59237K [0x0000000743a00000, 0x0000000800000000)
  region size 2048K, 1 young (2048K), 1 survivors (2048K)
 Metaspace       used 74131K, committed 74880K, reserved 1114112K
  class space    used 10268K, committed 10560K, reserved 1048576K
}
Event: 238.798 GC heap before
{Heap before GC invocations=19 (full 0):
 garbage-first heap   total reserved 3086336K, committed 417792K, used 413541K [0x0000000743a00000, 0x0000000800000000)
  region size 2048K, 5 young (10240K), 1 survivors (2048K)
 Metaspace       used 74674K, committed 75392K, reserved 1179648K
  class space    used 10313K, committed 10624K, reserved 1048576K
}
Event: 238.830 GC heap after
{Heap after GC invocations=20 (full 0):
 garbage-first heap   total reserved 3086336K, committed 421888K, used 71517K [0x0000000743a00000, 0x0000000800000000)
  region size 2048K, 1 young (2048K), 1 survivors (2048K)
 Metaspace       used 74674K, committed 75392K, reserved 1179648K
  class space    used 10313K, committed 10624K, reserved 1048576K
}
Event: 238.886 GC heap before
{Heap before GC invocations=20 (full 0):
 garbage-first heap   total reserved 3086336K, committed 421888K, used 147293K [0x0000000743a00000, 0x0000000800000000)
  region size 2048K, 2 young (4096K), 1 survivors (2048K)
 Metaspace       used 74674K, committed 75392K, reserved 1179648K
  class space    used 10313K, committed 10624K, reserved 1048576K
}
Event: 238.892 GC heap after
{Heap after GC invocations=21 (full 0):
 garbage-first heap   total reserved 3086336K, committed 421888K, used 122453K [0x0000000743a00000, 0x0000000800000000)
  region size 2048K, 1 young (2048K), 1 survivors (2048K)
 Metaspace       used 74674K, committed 75392K, reserved 1179648K
  class space    used 10313K, committed 10624K, reserved 1048576K
}
Event: 238.918 GC heap before
{Heap before GC invocations=21 (full 0):
 garbage-first heap   total reserved 3086336K, committed 421888K, used 140885K [0x0000000743a00000, 0x0000000800000000)
  region size 2048K, 1 young (2048K), 1 survivors (2048K)
 Metaspace       used 74674K, committed 75392K, reserved 1179648K
  class space    used 10313K, committed 10624K, reserved 1048576K
}
Event: 238.922 GC heap after
{Heap after GC invocations=22 (full 0):
 garbage-first heap   total reserved 3086336K, committed 507904K, used 130558K [0x0000000743a00000, 0x0000000800000000)
  region size 2048K, 1 young (2048K), 1 survivors (2048K)
 Metaspace       used 74674K, committed 75392K, reserved 1179648K
  class space    used 10313K, committed 10624K, reserved 1048576K
}

