# JRE version: OpenJDK Runtime Environment (23.0.2+7) (build 23.0.2+7-58)
# Java VM: OpenJDK 64-Bit Server VM (23.0.2+7-58, mixed mode, sharing, tiered, compressed oops, compressed class ptrs, g1 gc, windows-amd64)
GC Precious Log:
 CardTable entry size: 512
 Card Set container configuration: InlinePtr #cards 4 size 8 Array Of Cards #cards 16 size 48 Howl #buckets 8 coarsen threshold 3686 Howl Bitmap #cards 512 size 80 coarsen threshold 460 Card regions per heap region 1 cards per card region 4096
 CPUs: 8 total, 8 available
 Memory: 12051M
 Large Page Support: Disabled
 NUMA Support: Disabled
 Compressed Oops: Enabled (Zero based)
 Heap Region Size: 2M
 Heap Min Capacity: 8M
 Heap Initial Capacity: 190M
 Heap Max Capacity: 3014M
 Pre-touch: Disabled
 Parallel Workers: 8
 Concurrent Workers: 2
 Concurrent Refinement Workers: 8
 Periodic GC: Disabled
Heap:
 garbage-first heap   total reserved 3086336K, committed 247808K, used 230648K [0x0000000743a00000, 0x0000000800000000)
  region size 2048K, 3 young (6144K), 1 survivors (2048K)
 Metaspace       used 77509K, committed 78272K, reserved 1179648K
  class space    used 10799K, committed 11136K, reserved 1048576K
GC Heap History (20 events):
Event: 7.118 GC heap before
{Heap before GC invocations=10 (full 0):
 garbage-first heap   total reserved 3086336K, committed 59392K, used 47578K [0x0000000743a00000, 0x0000000800000000)
  region size 2048K, 14 young (28672K), 1 survivors (2048K)
 Metaspace       used 42583K, committed 43136K, reserved 1114112K
  class space    used 5763K, committed 6016K, reserved 1048576K
}
Event: 7.125 GC heap after
{Heap after GC invocations=11 (full 0):
 garbage-first heap   total reserved 3086336K, committed 59392K, used 22721K [0x0000000743a00000, 0x0000000800000000)
  region size 2048K, 2 young (4096K), 2 survivors (4096K)
 Metaspace       used 42583K, committed 43136K, reserved 1114112K
  class space    used 5763K, committed 6016K, reserved 1048576K
}
Event: 7.881 GC heap before
{Heap before GC invocations=11 (full 0):
 garbage-first heap   total reserved 3086336K, committed 59392K, used 47297K [0x0000000743a00000, 0x0000000800000000)
  region size 2048K, 15 young (30720K), 2 survivors (4096K)
 Metaspace       used 49922K, committed 50496K, reserved 1114112K
  class space    used 6708K, committed 6912K, reserved 1048576K
}
Event: 7.892 GC heap after
{Heap after GC invocations=12 (full 0):
 garbage-first heap   total reserved 3086336K, committed 59392K, used 25076K [0x0000000743a00000, 0x0000000800000000)
  region size 2048K, 2 young (4096K), 2 survivors (4096K)
 Metaspace       used 49922K, committed 50496K, reserved 1114112K
  class space    used 6708K, committed 6912K, reserved 1048576K
}
Event: 8.364 GC heap before
{Heap before GC invocations=12 (full 0):
 garbage-first heap   total reserved 3086336K, committed 59392K, used 49652K [0x0000000743a00000, 0x0000000800000000)
  region size 2048K, 14 young (28672K), 2 survivors (4096K)
 Metaspace       used 56824K, committed 57344K, reserved 1114112K
  class space    used 7760K, committed 8000K, reserved 1048576K
}
Event: 8.372 GC heap after
{Heap after GC invocations=13 (full 0):
 garbage-first heap   total reserved 3086336K, committed 59392K, used 26908K [0x0000000743a00000, 0x0000000800000000)
  region size 2048K, 1 young (2048K), 1 survivors (2048K)
 Metaspace       used 56824K, committed 57344K, reserved 1114112K
  class space    used 7760K, committed 8000K, reserved 1048576K
}
Event: 8.696 GC heap before
{Heap before GC invocations=13 (full 0):
 garbage-first heap   total reserved 3086336K, committed 59392K, used 41244K [0x0000000743a00000, 0x0000000800000000)
  region size 2048K, 9 young (18432K), 1 survivors (2048K)
 Metaspace       used 59588K, committed 60160K, reserved 1114112K
  class space    used 8177K, committed 8448K, reserved 1048576K
}
Event: 8.699 GC heap after
{Heap after GC invocations=14 (full 0):
 garbage-first heap   total reserved 3086336K, committed 59392K, used 27221K [0x0000000743a00000, 0x0000000800000000)
  region size 2048K, 1 young (2048K), 1 survivors (2048K)
 Metaspace       used 59588K, committed 60160K, reserved 1114112K
  class space    used 8177K, committed 8448K, reserved 1048576K
}
Event: 9.471 GC heap before
{Heap before GC invocations=15 (full 0):
 garbage-first heap   total reserved 3086336K, committed 59392K, used 51797K [0x0000000743a00000, 0x0000000800000000)
  region size 2048K, 13 young (26624K), 1 survivors (2048K)
 Metaspace       used 64424K, committed 65088K, reserved 1114112K
  class space    used 8882K, committed 9152K, reserved 1048576K
}
Event: 9.482 GC heap after
{Heap after GC invocations=16 (full 0):
 garbage-first heap   total reserved 3086336K, committed 59392K, used 29156K [0x0000000743a00000, 0x0000000800000000)
  region size 2048K, 2 young (4096K), 2 survivors (4096K)
 Metaspace       used 64424K, committed 65088K, reserved 1114112K
  class space    used 8882K, committed 9152K, reserved 1048576K
}
Event: 10.053 GC heap before
{Heap before GC invocations=16 (full 0):
 garbage-first heap   total reserved 3086336K, committed 59392K, used 49636K [0x0000000743a00000, 0x0000000800000000)
  region size 2048K, 12 young (24576K), 2 survivors (4096K)
 Metaspace       used 66867K, committed 67520K, reserved 1114112K
  class space    used 9246K, committed 9536K, reserved 1048576K
}
Event: 10.061 GC heap after
{Heap after GC invocations=17 (full 0):
 garbage-first heap   total reserved 3086336K, committed 71680K, used 30483K [0x0000000743a00000, 0x0000000800000000)
  region size 2048K, 2 young (4096K), 2 survivors (4096K)
 Metaspace       used 66867K, committed 67520K, reserved 1114112K
  class space    used 9246K, committed 9536K, reserved 1048576K
}
Event: 10.947 GC heap before
{Heap before GC invocations=17 (full 0):
 garbage-first heap   total reserved 3086336K, committed 71680K, used 59155K [0x0000000743a00000, 0x0000000800000000)
  region size 2048K, 17 young (34816K), 2 survivors (4096K)
 Metaspace       used 72142K, committed 72832K, reserved 1114112K
  class space    used 9999K, committed 10304K, reserved 1048576K
}
Event: 10.953 GC heap after
{Heap after GC invocations=18 (full 0):
 garbage-first heap   total reserved 3086336K, committed 71680K, used 33133K [0x0000000743a00000, 0x0000000800000000)
  region size 2048K, 3 young (6144K), 3 survivors (6144K)
 Metaspace       used 72142K, committed 72832K, reserved 1114112K
  class space    used 9999K, committed 10304K, reserved 1048576K
}
Event: 20.104 GC heap before
{Heap before GC invocations=18 (full 0):
 garbage-first heap   total reserved 3086336K, committed 71680K, used 57709K [0x0000000743a00000, 0x0000000800000000)
  region size 2048K, 15 young (30720K), 3 survivors (6144K)
 Metaspace       used 76256K, committed 77056K, reserved 1179648K
  class space    used 10612K, committed 10944K, reserved 1048576K
}
Event: 20.114 GC heap after
{Heap after GC invocations=19 (full 0):
 garbage-first heap   total reserved 3086336K, committed 71680K, used 35630K [0x0000000743a00000, 0x0000000800000000)
  region size 2048K, 2 young (4096K), 2 survivors (4096K)
 Metaspace       used 76256K, committed 77056K, reserved 1179648K
  class space    used 10612K, committed 10944K, reserved 1048576K
}
Event: 20.251 GC heap before
{Heap before GC invocations=19 (full 0):
 garbage-first heap   total reserved 3086336K, committed 71680K, used 41774K [0x0000000743a00000, 0x0000000800000000)
  region size 2048K, 7 young (14336K), 2 survivors (4096K)
 Metaspace       used 76888K, committed 77696K, reserved 1179648K
  class space    used 10720K, committed 11072K, reserved 1048576K
}
Event: 20.258 GC heap after
{Heap after GC invocations=20 (full 0):
 garbage-first heap   total reserved 3086336K, committed 71680K, used 37076K [0x0000000743a00000, 0x0000000800000000)
  region size 2048K, 1 young (2048K), 1 survivors (2048K)
 Metaspace       used 76888K, committed 77696K, reserved 1179648K
  class space    used 10720K, committed 11072K, reserved 1048576K
}
Event: 20.553 GC heap before
{Heap before GC invocations=21 (full 0):
 garbage-first heap   total reserved 3086336K, committed 215040K, used 211156K [0x0000000743a00000, 0x0000000800000000)
  region size 2048K, 3 young (6144K), 1 survivors (2048K)
 Metaspace       used 77355K, committed 78144K, reserved 1179648K
  class space    used 10790K, committed 11136K, reserved 1048576K
}
Event: 20.555 GC heap after
{Heap after GC invocations=22 (full 0):
 garbage-first heap   total reserved 3086336K, committed 217088K, used 58616K [0x0000000743a00000, 0x0000000800000000)
  region size 2048K, 1 young (2048K), 1 survivors (2048K)
 Metaspace       used 77355K, committed 78144K, reserved 1179648K
  class space    used 10790K, committed 11136K, reserved 1048576K
}

