# JRE version: OpenJDK Runtime Environment (23.0.2+7) (build 23.0.2+7-58)
# Java VM: OpenJDK 64-Bit Server VM (23.0.2+7-58, mixed mode, sharing, tiered, compressed oops, compressed class ptrs, g1 gc, windows-amd64)
GC Precious Log:
 CardTable entry size: 512
 Card Set container configuration: InlinePtr #cards 4 size 8 Array Of Cards #cards 16 size 48 Howl #buckets 8 coarsen threshold 3686 Howl Bitmap #cards 512 size 80 coarsen threshold 460 Card regions per heap region 1 cards per card region 4096
 CPUs: 8 total, 8 available
 Memory: 12051M
 Large Page Support: Disabled
 NUMA Support: Disabled
 Compressed Oops: Enabled (Zero based)
 Heap Region Size: 2M
 Heap Min Capacity: 8M
 Heap Initial Capacity: 190M
 Heap Max Capacity: 3014M
 Pre-touch: Disabled
 Parallel Workers: 8
 Concurrent Workers: 2
 Concurrent Refinement Workers: 8
 Periodic GC: Disabled
Heap:
 garbage-first heap   total reserved 3086336K, committed 241664K, used 37096K [0x0000000743a00000, 0x0000000800000000)
  region size 2048K, 2 young (4096K), 2 survivors (4096K)
 Metaspace       used 79193K, committed 80000K, reserved 1179648K
  class space    used 10985K, committed 11328K, reserved 1048576K
GC Heap History (20 events):
Event: 7.870 GC heap after
{Heap after GC invocations=16 (full 0):
 garbage-first heap   total reserved 3086336K, committed 71680K, used 30286K [0x0000000743a00000, 0x0000000800000000)
  region size 2048K, 3 young (6144K), 3 survivors (6144K)
 Metaspace       used 66328K, committed 67008K, reserved 1114112K
  class space    used 9168K, committed 9472K, reserved 1048576K
}
Event: 8.495 GC heap before
{Heap before GC invocations=16 (full 0):
 garbage-first heap   total reserved 3086336K, committed 71680K, used 56910K [0x0000000743a00000, 0x0000000800000000)
  region size 2048K, 16 young (32768K), 3 survivors (6144K)
 Metaspace       used 69715K, committed 70464K, reserved 1114112K
  class space    used 9658K, committed 9984K, reserved 1048576K
}
Event: 8.501 GC heap after
{Heap after GC invocations=17 (full 0):
 garbage-first heap   total reserved 3086336K, committed 71680K, used 32234K [0x0000000743a00000, 0x0000000800000000)
  region size 2048K, 2 young (4096K), 2 survivors (4096K)
 Metaspace       used 69715K, committed 70464K, reserved 1114112K
  class space    used 9658K, committed 9984K, reserved 1048576K
}
Event: 9.225 GC heap before
{Heap before GC invocations=17 (full 0):
 garbage-first heap   total reserved 3086336K, committed 71680K, used 58858K [0x0000000743a00000, 0x0000000800000000)
  region size 2048K, 15 young (30720K), 2 survivors (4096K)
 Metaspace       used 73714K, committed 74432K, reserved 1114112K
  class space    used 10237K, committed 10560K, reserved 1048576K
}
Event: 9.230 GC heap after
{Heap after GC invocations=18 (full 0):
 garbage-first heap   total reserved 3086336K, committed 71680K, used 34521K [0x0000000743a00000, 0x0000000800000000)
  region size 2048K, 2 young (4096K), 2 survivors (4096K)
 Metaspace       used 73714K, committed 74432K, reserved 1114112K
  class space    used 10237K, committed 10560K, reserved 1048576K
}
Event: 30.365 GC heap before
{Heap before GC invocations=18 (full 0):
 garbage-first heap   total reserved 3086336K, committed 71680K, used 52953K [0x0000000743a00000, 0x0000000800000000)
  region size 2048K, 12 young (24576K), 2 survivors (4096K)
 Metaspace       used 77630K, committed 78400K, reserved 1179648K
  class space    used 10779K, committed 11136K, reserved 1048576K
}
Event: 30.375 GC heap after
{Heap after GC invocations=19 (full 0):
 garbage-first heap   total reserved 3086336K, committed 71680K, used 36508K [0x0000000743a00000, 0x0000000800000000)
  region size 2048K, 1 young (2048K), 1 survivors (2048K)
 Metaspace       used 77630K, committed 78400K, reserved 1179648K
  class space    used 10779K, committed 11136K, reserved 1048576K
}
Event: 289.095 GC heap before
{Heap before GC invocations=20 (full 0):
 garbage-first heap   total reserved 3086336K, committed 135168K, used 132764K [0x0000000743a00000, 0x0000000800000000)
  region size 2048K, 5 young (10240K), 1 survivors (2048K)
 Metaspace       used 78523K, committed 79296K, reserved 1179648K
  class space    used 10913K, committed 11264K, reserved 1048576K
}
Event: 289.098 GC heap after
{Heap after GC invocations=21 (full 0):
 garbage-first heap   total reserved 3086336K, committed 139264K, used 36824K [0x0000000743a00000, 0x0000000800000000)
  region size 2048K, 2 young (4096K), 2 survivors (4096K)
 Metaspace       used 78523K, committed 79296K, reserved 1179648K
  class space    used 10913K, committed 11264K, reserved 1048576K
}
Event: 1168.802 GC heap before
{Heap before GC invocations=21 (full 0):
 garbage-first heap   total reserved 3086336K, committed 235520K, used 231384K [0x0000000743a00000, 0x0000000800000000)
  region size 2048K, 14 young (28672K), 2 survivors (4096K)
 Metaspace       used 79176K, committed 79936K, reserved 1179648K
  class space    used 10985K, committed 11328K, reserved 1048576K
}
Event: 1168.823 GC heap after
{Heap after GC invocations=22 (full 0):
 garbage-first heap   total reserved 3086336K, committed 241664K, used 59789K [0x0000000743a00000, 0x0000000800000000)
  region size 2048K, 2 young (4096K), 2 survivors (4096K)
 Metaspace       used 79176K, committed 79936K, reserved 1179648K
  class space    used 10985K, committed 11328K, reserved 1048576K
}
Event: 1168.845 GC heap before
{Heap before GC invocations=22 (full 0):
 garbage-first heap   total reserved 3086336K, committed 241664K, used 110989K [0x0000000743a00000, 0x0000000800000000)
  region size 2048K, 3 young (6144K), 2 survivors (4096K)
 Metaspace       used 79176K, committed 79936K, reserved 1179648K
  class space    used 10985K, committed 11328K, reserved 1048576K
}
Event: 1168.860 GC heap after
{Heap after GC invocations=23 (full 0):
 garbage-first heap   total reserved 3086336K, committed 241664K, used 88418K [0x0000000743a00000, 0x0000000800000000)
  region size 2048K, 2 young (4096K), 2 survivors (4096K)
 Metaspace       used 79176K, committed 79936K, reserved 1179648K
  class space    used 10985K, committed 11328K, reserved 1048576K
}
Event: 1168.867 GC heap before
{Heap before GC invocations=23 (full 0):
 garbage-first heap   total reserved 3086336K, committed 241664K, used 110946K [0x0000000743a00000, 0x0000000800000000)
  region size 2048K, 3 young (6144K), 2 survivors (4096K)
 Metaspace       used 79178K, committed 80000K, reserved 1179648K
  class space    used 10985K, committed 11328K, reserved 1048576K
}
Event: 1168.871 GC heap after
{Heap after GC invocations=24 (full 0):
 garbage-first heap   total reserved 3086336K, committed 241664K, used 82710K [0x0000000743a00000, 0x0000000800000000)
  region size 2048K, 2 young (4096K), 2 survivors (4096K)
 Metaspace       used 79178K, committed 80000K, reserved 1179648K
  class space    used 10985K, committed 11328K, reserved 1048576K
}
Event: 1168.876 GC heap before
{Heap before GC invocations=24 (full 0):
 garbage-first heap   total reserved 3086336K, committed 241664K, used 105238K [0x0000000743a00000, 0x0000000800000000)
  region size 2048K, 2 young (4096K), 2 survivors (4096K)
 Metaspace       used 79178K, committed 80000K, reserved 1179648K
  class space    used 10985K, committed 11328K, reserved 1048576K
}
Event: 1168.879 GC heap after
{Heap after GC invocations=25 (full 0):
 garbage-first heap   total reserved 3086336K, committed 241664K, used 92402K [0x0000000743a00000, 0x0000000800000000)
  region size 2048K, 2 young (4096K), 2 survivors (4096K)
 Metaspace       used 79178K, committed 80000K, reserved 1179648K
  class space    used 10985K, committed 11328K, reserved 1048576K
}
Event: 1168.883 GC heap before
{Heap before GC invocations=25 (full 0):
 garbage-first heap   total reserved 3086336K, committed 241664K, used 110834K [0x0000000743a00000, 0x0000000800000000)
  region size 2048K, 2 young (4096K), 2 survivors (4096K)
 Metaspace       used 79178K, committed 80000K, reserved 1179648K
  class space    used 10985K, committed 11328K, reserved 1048576K
}
Event: 1168.887 GC heap after
{Heap after GC invocations=26 (full 0):
 garbage-first heap   total reserved 3086336K, committed 241664K, used 100575K [0x0000000743a00000, 0x0000000800000000)
  region size 2048K, 2 young (4096K), 2 survivors (4096K)
 Metaspace       used 79178K, committed 80000K, reserved 1179648K
  class space    used 10985K, committed 11328K, reserved 1048576K
}
Event: 1168.943 GC heap before
{Heap before GC invocations=26 (full 0):
 garbage-first heap   total reserved 3086336K, committed 241664K, used 112863K [0x0000000743a00000, 0x0000000800000000)
  region size 2048K, 3 young (6144K), 2 survivors (4096K)
 Metaspace       used 79193K, committed 80000K, reserved 1179648K
  class space    used 10985K, committed 11328K, reserved 1048576K
}

