# JRE version: OpenJDK Runtime Environment (23.0.2+7) (build 23.0.2+7-58)
# Java VM: OpenJDK 64-Bit Server VM (23.0.2+7-58, mixed mode, sharing, tiered, compressed oops, compressed class ptrs, g1 gc, windows-amd64)
GC Precious Log:
 CardTable entry size: 512
 Card Set container configuration: InlinePtr #cards 4 size 8 Array Of Cards #cards 16 size 48 Howl #buckets 8 coarsen threshold 3686 Howl Bitmap #cards 512 size 80 coarsen threshold 460 Card regions per heap region 1 cards per card region 4096
 CPUs: 8 total, 8 available
 Memory: 12051M
 Large Page Support: Disabled
 NUMA Support: Disabled
 Compressed Oops: Enabled (Zero based)
 Heap Region Size: 2M
 Heap Min Capacity: 8M
 Heap Initial Capacity: 190M
 Heap Max Capacity: 3014M
 Pre-touch: Disabled
 Parallel Workers: 8
 Concurrent Workers: 2
 Concurrent Refinement Workers: 8
 Periodic GC: Disabled
Heap:
 garbage-first heap   total reserved 3086336K, committed 370688K, used 355420K [0x0000000743a00000, 0x0000000800000000)
  region size 2048K, 5 young (10240K), 1 survivors (2048K)
 Metaspace       used 77770K, committed 78528K, reserved 1179648K
  class space    used 10813K, committed 11136K, reserved 1048576K
GC Heap History (20 events):
Event: 8.037 GC heap before
{Heap before GC invocations=13 (full 0):
 garbage-first heap   total reserved 3086336K, committed 71680K, used 60369K [0x0000000743a00000, 0x0000000800000000)
  region size 2048K, 18 young (36864K), 2 survivors (4096K)
 Metaspace       used 66136K, committed 66816K, reserved 1114112K
  class space    used 9144K, committed 9472K, reserved 1048576K
}
Event: 8.043 GC heap after
{Heap after GC invocations=14 (full 0):
 garbage-first heap   total reserved 3086336K, committed 71680K, used 30632K [0x0000000743a00000, 0x0000000800000000)
  region size 2048K, 3 young (6144K), 3 survivors (6144K)
 Metaspace       used 66136K, committed 66816K, reserved 1114112K
  class space    used 9144K, committed 9472K, reserved 1048576K
}
Event: 8.765 GC heap before
{Heap before GC invocations=14 (full 0):
 garbage-first heap   total reserved 3086336K, committed 71680K, used 57256K [0x0000000743a00000, 0x0000000800000000)
  region size 2048K, 16 young (32768K), 3 survivors (6144K)
 Metaspace       used 69995K, committed 70656K, reserved 1114112K
  class space    used 9696K, committed 9984K, reserved 1048576K
}
Event: 8.772 GC heap after
{Heap after GC invocations=15 (full 0):
 garbage-first heap   total reserved 3086336K, committed 71680K, used 32073K [0x0000000743a00000, 0x0000000800000000)
  region size 2048K, 2 young (4096K), 2 survivors (4096K)
 Metaspace       used 69995K, committed 70656K, reserved 1114112K
  class space    used 9696K, committed 9984K, reserved 1048576K
}
Event: 9.611 GC heap before
{Heap before GC invocations=15 (full 0):
 garbage-first heap   total reserved 3086336K, committed 71680K, used 58697K [0x0000000743a00000, 0x0000000800000000)
  region size 2048K, 15 young (30720K), 2 survivors (4096K)
 Metaspace       used 73694K, committed 74432K, reserved 1114112K
  class space    used 10244K, committed 10560K, reserved 1048576K
}
Event: 9.615 GC heap after
{Heap after GC invocations=16 (full 0):
 garbage-first heap   total reserved 3086336K, committed 71680K, used 34927K [0x0000000743a00000, 0x0000000800000000)
  region size 2048K, 2 young (4096K), 2 survivors (4096K)
 Metaspace       used 73694K, committed 74432K, reserved 1114112K
  class space    used 10244K, committed 10560K, reserved 1048576K
}
Event: 32.906 GC heap before
{Heap before GC invocations=16 (full 0):
 garbage-first heap   total reserved 3086336K, committed 71680K, used 57455K [0x0000000743a00000, 0x0000000800000000)
  region size 2048K, 14 young (28672K), 2 survivors (4096K)
 Metaspace       used 76895K, committed 77632K, reserved 1179648K
  class space    used 10726K, committed 11072K, reserved 1048576K
}
Event: 32.912 GC heap after
{Heap after GC invocations=17 (full 0):
 garbage-first heap   total reserved 3086336K, committed 71680K, used 38343K [0x0000000743a00000, 0x0000000800000000)
  region size 2048K, 2 young (4096K), 2 survivors (4096K)
 Metaspace       used 76895K, committed 77632K, reserved 1179648K
  class space    used 10726K, committed 11072K, reserved 1048576K
}
Event: 33.250 GC heap before
{Heap before GC invocations=18 (full 0):
 garbage-first heap   total reserved 3086336K, committed 126976K, used 122311K [0x0000000743a00000, 0x0000000800000000)
  region size 2048K, 6 young (12288K), 2 survivors (4096K)
 Metaspace       used 77376K, committed 78144K, reserved 1179648K
  class space    used 10797K, committed 11136K, reserved 1048576K
}
Event: 33.254 GC heap after
{Heap after GC invocations=19 (full 0):
 garbage-first heap   total reserved 3086336K, committed 129024K, used 38786K [0x0000000743a00000, 0x0000000800000000)
  region size 2048K, 1 young (2048K), 1 survivors (2048K)
 Metaspace       used 77376K, committed 78144K, reserved 1179648K
  class space    used 10797K, committed 11136K, reserved 1048576K
}
Event: 33.675 GC heap before
{Heap before GC invocations=19 (full 0):
 garbage-first heap   total reserved 3086336K, committed 270336K, used 268162K [0x0000000743a00000, 0x0000000800000000)
  region size 2048K, 6 young (12288K), 1 survivors (2048K)
 Metaspace       used 77693K, committed 78400K, reserved 1179648K
  class space    used 10813K, committed 11136K, reserved 1048576K
}
Event: 33.682 GC heap after
{Heap after GC invocations=20 (full 0):
 garbage-first heap   total reserved 3086336K, committed 274432K, used 102498K [0x0000000743a00000, 0x0000000800000000)
  region size 2048K, 1 young (2048K), 1 survivors (2048K)
 Metaspace       used 77693K, committed 78400K, reserved 1179648K
  class space    used 10813K, committed 11136K, reserved 1048576K
}
Event: 33.785 GC heap before
{Heap before GC invocations=20 (full 0):
 garbage-first heap   total reserved 3086336K, committed 274432K, used 182370K [0x0000000743a00000, 0x0000000800000000)
  region size 2048K, 4 young (8192K), 1 survivors (2048K)
 Metaspace       used 77738K, committed 78528K, reserved 1179648K
  class space    used 10813K, committed 11136K, reserved 1048576K
}
Event: 33.786 GC heap after
{Heap after GC invocations=21 (full 0):
 garbage-first heap   total reserved 3086336K, committed 274432K, used 104492K [0x0000000743a00000, 0x0000000800000000)
  region size 2048K, 1 young (2048K), 1 survivors (2048K)
 Metaspace       used 77738K, committed 78528K, reserved 1179648K
  class space    used 10813K, committed 11136K, reserved 1048576K
}
Event: 33.823 GC heap before
{Heap before GC invocations=21 (full 0):
 garbage-first heap   total reserved 3086336K, committed 274432K, used 116780K [0x0000000743a00000, 0x0000000800000000)
  region size 2048K, 2 young (4096K), 1 survivors (2048K)
 Metaspace       used 77746K, committed 78528K, reserved 1179648K
  class space    used 10813K, committed 11136K, reserved 1048576K
}
Event: 33.825 GC heap after
{Heap after GC invocations=22 (full 0):
 garbage-first heap   total reserved 3086336K, committed 329728K, used 73772K [0x0000000743a00000, 0x0000000800000000)
  region size 2048K, 1 young (2048K), 1 survivors (2048K)
 Metaspace       used 77746K, committed 78528K, reserved 1179648K
  class space    used 10813K, committed 11136K, reserved 1048576K
}
Event: 33.865 GC heap before
{Heap before GC invocations=22 (full 0):
 garbage-first heap   total reserved 3086336K, committed 329728K, used 106540K [0x0000000743a00000, 0x0000000800000000)
  region size 2048K, 3 young (6144K), 1 survivors (2048K)
 Metaspace       used 77747K, committed 78528K, reserved 1179648K
  class space    used 10813K, committed 11136K, reserved 1048576K
}
Event: 33.867 GC heap after
{Heap after GC invocations=23 (full 0):
 garbage-first heap   total reserved 3086336K, committed 329728K, used 102456K [0x0000000743a00000, 0x0000000800000000)
  region size 2048K, 1 young (2048K), 1 survivors (2048K)
 Metaspace       used 77747K, committed 78528K, reserved 1179648K
  class space    used 10813K, committed 11136K, reserved 1048576K
}
Event: 33.870 GC heap before
{Heap before GC invocations=23 (full 0):
 garbage-first heap   total reserved 3086336K, committed 329728K, used 108600K [0x0000000743a00000, 0x0000000800000000)
  region size 2048K, 2 young (4096K), 1 survivors (2048K)
 Metaspace       used 77747K, committed 78528K, reserved 1179648K
  class space    used 10813K, committed 11136K, reserved 1048576K
}
Event: 33.872 GC heap after
{Heap after GC invocations=24 (full 0):
 garbage-first heap   total reserved 3086336K, committed 329728K, used 104462K [0x0000000743a00000, 0x0000000800000000)
  region size 2048K, 1 young (2048K), 1 survivors (2048K)
 Metaspace       used 77747K, committed 78528K, reserved 1179648K
  class space    used 10813K, committed 11136K, reserved 1048576K
}

