# JRE version: Java(TM) SE Runtime Environment (22.0.1+8) (build 22.0.1+8-16)
# Java VM: Java HotSpot(TM) 64-Bit Server VM (22.0.1+8-16, mixed mode, emulated-client, sharing, tiered, compressed oops, compressed class ptrs, g1 gc, windows-amd64)
GC Precious Log:
 CardTable entry size: 512
 Card Set container configuration: InlinePtr #cards 4 size 8 Array Of Cards #cards 16 size 48 Howl #buckets 8 coarsen threshold 3686 Howl Bitmap #cards 512 size 80 coarsen threshold 460 Card regions per heap region 1 cards per card region 4096
 CPUs: 8 total, 8 available
 Memory: 12051M
 Large Page Support: Disabled
 NUMA Support: Disabled
 Compressed Oops: Enabled (Zero based)
 Heap Region Size: 2M
 Heap Min Capacity: 8M
 Heap Initial Capacity: 190M
 Heap Max Capacity: 3014M
 Pre-touch: Disabled
 Parallel Workers: 8
 Concurrent Workers: 2
 Concurrent Refinement Workers: 8
 Periodic GC: Disabled
Heap:
 garbage-first heap   total reserved 3086336K, committed 401408K, used 393499K [0x0000000743a00000, 0x0000000800000000)
  region size 2048K, 8 young (16384K), 1 survivors (2048K)
 Metaspace       used 73193K, committed 74368K, reserved 1114112K
  class space    used 10677K, committed 11136K, reserved 1048576K
GC Heap History (20 events):
Event: 4.127 GC heap before
{Heap before GC invocations=5 (full 0):
 garbage-first heap   total reserved 3086336K, committed 65536K, used 46413K [0x0000000743a00000, 0x0000000800000000)
  region size 2048K, 19 young (38912K), 5 survivors (10240K)
 Metaspace       used 29379K, committed 29888K, reserved 1114112K
  class space    used 4197K, committed 4416K, reserved 1048576K
}
Event: 4.143 GC heap after
{Heap after GC invocations=6 (full 0):
 garbage-first heap   total reserved 3086336K, committed 65536K, used 19697K [0x0000000743a00000, 0x0000000800000000)
  region size 2048K, 3 young (6144K), 3 survivors (6144K)
 Metaspace       used 29379K, committed 29888K, reserved 1114112K
  class space    used 4197K, committed 4416K, reserved 1048576K
}
Event: 4.679 GC heap before
{Heap before GC invocations=6 (full 0):
 garbage-first heap   total reserved 3086336K, committed 65536K, used 42225K [0x0000000743a00000, 0x0000000800000000)
  region size 2048K, 15 young (30720K), 3 survivors (6144K)
 Metaspace       used 33889K, committed 34496K, reserved 1114112K
  class space    used 4829K, committed 5120K, reserved 1048576K
}
Event: 4.693 GC heap after
{Heap after GC invocations=7 (full 0):
 garbage-first heap   total reserved 3086336K, committed 65536K, used 22079K [0x0000000743a00000, 0x0000000800000000)
  region size 2048K, 3 young (6144K), 3 survivors (6144K)
 Metaspace       used 33889K, committed 34496K, reserved 1114112K
  class space    used 4829K, committed 5120K, reserved 1048576K
}
Event: 5.436 GC heap before
{Heap before GC invocations=8 (full 0):
 garbage-first heap   total reserved 3086336K, committed 65536K, used 50751K [0x0000000743a00000, 0x0000000800000000)
  region size 2048K, 17 young (34816K), 3 survivors (6144K)
 Metaspace       used 41597K, committed 42240K, reserved 1114112K
  class space    used 5955K, committed 6272K, reserved 1048576K
}
Event: 5.447 GC heap after
{Heap after GC invocations=9 (full 0):
 garbage-first heap   total reserved 3086336K, committed 79872K, used 25363K [0x0000000743a00000, 0x0000000800000000)
  region size 2048K, 3 young (6144K), 3 survivors (6144K)
 Metaspace       used 41597K, committed 42240K, reserved 1114112K
  class space    used 5955K, committed 6272K, reserved 1048576K
}
Event: 6.291 GC heap before
{Heap before GC invocations=9 (full 0):
 garbage-first heap   total reserved 3086336K, committed 79872K, used 64275K [0x0000000743a00000, 0x0000000800000000)
  region size 2048K, 23 young (47104K), 3 survivors (6144K)
 Metaspace       used 51240K, committed 51840K, reserved 1114112K
  class space    used 7346K, committed 7616K, reserved 1048576K
}
Event: 6.304 GC heap after
{Heap after GC invocations=10 (full 0):
 garbage-first heap   total reserved 3086336K, committed 79872K, used 27315K [0x0000000743a00000, 0x0000000800000000)
  region size 2048K, 3 young (6144K), 3 survivors (6144K)
 Metaspace       used 51240K, committed 51840K, reserved 1114112K
  class space    used 7346K, committed 7616K, reserved 1048576K
}
Event: 6.942 GC heap before
{Heap before GC invocations=10 (full 0):
 garbage-first heap   total reserved 3086336K, committed 79872K, used 55987K [0x0000000743a00000, 0x0000000800000000)
  region size 2048K, 18 young (36864K), 3 survivors (6144K)
 Metaspace       used 57283K, committed 57920K, reserved 1114112K
  class space    used 8318K, committed 8576K, reserved 1048576K
}
Event: 6.951 GC heap after
{Heap after GC invocations=11 (full 0):
 garbage-first heap   total reserved 3086336K, committed 79872K, used 28284K [0x0000000743a00000, 0x0000000800000000)
  region size 2048K, 2 young (4096K), 2 survivors (4096K)
 Metaspace       used 57283K, committed 57920K, reserved 1114112K
  class space    used 8318K, committed 8576K, reserved 1048576K
}
Event: 7.858 GC heap before
{Heap before GC invocations=12 (full 0):
 garbage-first heap   total reserved 3086336K, committed 79872K, used 69244K [0x0000000743a00000, 0x0000000800000000)
  region size 2048K, 22 young (45056K), 2 survivors (4096K)
 Metaspace       used 62891K, committed 63552K, reserved 1114112K
  class space    used 9170K, committed 9472K, reserved 1048576K
}
Event: 7.864 GC heap after
{Heap after GC invocations=13 (full 0):
 garbage-first heap   total reserved 3086336K, committed 79872K, used 31826K [0x0000000743a00000, 0x0000000800000000)
  region size 2048K, 3 young (6144K), 3 survivors (6144K)
 Metaspace       used 62891K, committed 63552K, reserved 1114112K
  class space    used 9170K, committed 9472K, reserved 1048576K
}
Event: 8.494 GC heap before
{Heap before GC invocations=13 (full 0):
 garbage-first heap   total reserved 3086336K, committed 79872K, used 64594K [0x0000000743a00000, 0x0000000800000000)
  region size 2048K, 19 young (38912K), 3 survivors (6144K)
 Metaspace       used 68018K, committed 68800K, reserved 1114112K
  class space    used 9922K, committed 10240K, reserved 1048576K
}
Event: 8.500 GC heap after
{Heap after GC invocations=14 (full 0):
 garbage-first heap   total reserved 3086336K, committed 79872K, used 33420K [0x0000000743a00000, 0x0000000800000000)
  region size 2048K, 2 young (4096K), 2 survivors (4096K)
 Metaspace       used 68018K, committed 68800K, reserved 1114112K
  class space    used 9922K, committed 10240K, reserved 1048576K
}
Event: 24.096 GC heap before
{Heap before GC invocations=14 (full 0):
 garbage-first heap   total reserved 3086336K, committed 79872K, used 64140K [0x0000000743a00000, 0x0000000800000000)
  region size 2048K, 18 young (36864K), 2 survivors (4096K)
 Metaspace       used 72609K, committed 73472K, reserved 1114112K
  class space    used 10641K, committed 11008K, reserved 1048576K
}
Event: 24.102 GC heap after
{Heap after GC invocations=15 (full 0):
 garbage-first heap   total reserved 3086336K, committed 79872K, used 37640K [0x0000000743a00000, 0x0000000800000000)
  region size 2048K, 3 young (6144K), 3 survivors (6144K)
 Metaspace       used 72609K, committed 73472K, reserved 1114112K
  class space    used 10641K, committed 11008K, reserved 1048576K
}
Event: 53.189 GC heap before
{Heap before GC invocations=15 (full 0):
 garbage-first heap   total reserved 3086336K, committed 79872K, used 58120K [0x0000000743a00000, 0x0000000800000000)
  region size 2048K, 15 young (30720K), 3 survivors (6144K)
 Metaspace       used 73463K, committed 74368K, reserved 1114112K
  class space    used 10752K, committed 11136K, reserved 1048576K
}
Event: 53.193 GC heap after
{Heap after GC invocations=16 (full 0):
 garbage-first heap   total reserved 3086336K, committed 79872K, used 38121K [0x0000000743a00000, 0x0000000800000000)
  region size 2048K, 1 young (2048K), 1 survivors (2048K)
 Metaspace       used 73463K, committed 74368K, reserved 1114112K
  class space    used 10752K, committed 11136K, reserved 1048576K
}
Event: 53.635 GC heap before
{Heap before GC invocations=17 (full 0):
 garbage-first heap   total reserved 3086336K, committed 290816K, used 287977K [0x0000000743a00000, 0x0000000800000000)
  region size 2048K, 4 young (8192K), 1 survivors (2048K)
 Metaspace       used 73177K, committed 74368K, reserved 1114112K
  class space    used 10672K, committed 11136K, reserved 1048576K
}
Event: 53.637 GC heap after
{Heap after GC invocations=18 (full 0):
 garbage-first heap   total reserved 3086336K, committed 292864K, used 83171K [0x0000000743a00000, 0x0000000800000000)
  region size 2048K, 1 young (2048K), 1 survivors (2048K)
 Metaspace       used 73177K, committed 74368K, reserved 1114112K
  class space    used 10672K, committed 11136K, reserved 1048576K
}

