# JRE version: Java(TM) SE Runtime Environment (22.0.1+8) (build 22.0.1+8-16)
# Java VM: Java HotSpot(TM) 64-Bit Server VM (22.0.1+8-16, mixed mode, sharing, tiered, compressed oops, compressed class ptrs, g1 gc, windows-amd64)
GC Precious Log:
 CardTable entry size: 512
 Card Set container configuration: InlinePtr #cards 4 size 8 Array Of Cards #cards 16 size 48 Howl #buckets 8 coarsen threshold 3686 Howl Bitmap #cards 512 size 80 coarsen threshold 460 Card regions per heap region 1 cards per card region 4096
 CPUs: 8 total, 8 available
 Memory: 12051M
 Large Page Support: Disabled
 NUMA Support: Disabled
 Compressed Oops: Enabled (Zero based)
 Heap Region Size: 2M
 Heap Min Capacity: 8M
 Heap Initial Capacity: 190M
 Heap Max Capacity: 3014M
 Pre-touch: Disabled
 Parallel Workers: 8
 Concurrent Workers: 2
 Concurrent Refinement Workers: 8
 Periodic GC: Disabled
Heap:
 garbage-first heap   total reserved 3086336K, committed 151552K, used 122573K [0x0000000743a00000, 0x0000000800000000)
  region size 2048K, 24 young (49152K), 2 survivors (4096K)
 Metaspace       used 40729K, committed 41344K, reserved 1114112K
  class space    used 4652K, committed 4928K, reserved 1048576K
GC Heap History (20 events):
Event: 6.737 GC heap before
{Heap before GC invocations=3 (full 0):
 garbage-first heap   total reserved 3086336K, committed 194560K, used 85699K [0x0000000743a00000, 0x0000000800000000)
  region size 2048K, 23 young (47104K), 6 survivors (12288K)
 Metaspace       used 21187K, committed 21504K, reserved 1114112K
  class space    used 2513K, committed 2688K, reserved 1048576K
}
Event: 6.750 GC heap after
{Heap after GC invocations=4 (full 0):
 garbage-first heap   total reserved 3086336K, committed 194560K, used 25333K [0x0000000743a00000, 0x0000000800000000)
  region size 2048K, 3 young (6144K), 3 survivors (6144K)
 Metaspace       used 21187K, committed 21504K, reserved 1114112K
  class space    used 2513K, committed 2688K, reserved 1048576K
}
Event: 8.029 GC heap before
{Heap before GC invocations=5 (full 0):
 garbage-first heap   total reserved 3086336K, committed 90112K, used 86773K [0x0000000743a00000, 0x0000000800000000)
  region size 2048K, 34 young (69632K), 3 survivors (6144K)
 Metaspace       used 26398K, committed 26752K, reserved 1114112K
  class space    used 3062K, committed 3200K, reserved 1048576K
}
Event: 8.048 GC heap after
{Heap after GC invocations=6 (full 0):
 garbage-first heap   total reserved 3086336K, committed 116736K, used 43088K [0x0000000743a00000, 0x0000000800000000)
  region size 2048K, 8 young (16384K), 8 survivors (16384K)
 Metaspace       used 26398K, committed 26752K, reserved 1114112K
  class space    used 3062K, committed 3200K, reserved 1048576K
}
Event: 8.949 GC heap before
{Heap before GC invocations=6 (full 0):
 garbage-first heap   total reserved 3086336K, committed 116736K, used 90192K [0x0000000743a00000, 0x0000000800000000)
  region size 2048K, 31 young (63488K), 8 survivors (16384K)
 Metaspace       used 28485K, committed 28864K, reserved 1114112K
  class space    used 3283K, committed 3456K, reserved 1048576K
}
Event: 8.970 GC heap after
{Heap after GC invocations=7 (full 0):
 garbage-first heap   total reserved 3086336K, committed 116736K, used 49152K [0x0000000743a00000, 0x0000000800000000)
  region size 2048K, 2 young (4096K), 2 survivors (4096K)
 Metaspace       used 28485K, committed 28864K, reserved 1114112K
  class space    used 3283K, committed 3456K, reserved 1048576K
}
Event: 9.554 GC heap before
{Heap before GC invocations=7 (full 0):
 garbage-first heap   total reserved 3086336K, committed 116736K, used 96256K [0x0000000743a00000, 0x0000000800000000)
  region size 2048K, 25 young (51200K), 2 survivors (4096K)
 Metaspace       used 29413K, committed 29888K, reserved 1114112K
  class space    used 3392K, committed 3584K, reserved 1048576K
}
Event: 9.564 GC heap after
{Heap after GC invocations=8 (full 0):
 garbage-first heap   total reserved 3086336K, committed 116736K, used 50175K [0x0000000743a00000, 0x0000000800000000)
  region size 2048K, 3 young (6144K), 3 survivors (6144K)
 Metaspace       used 29413K, committed 29888K, reserved 1114112K
  class space    used 3392K, committed 3584K, reserved 1048576K
}
Event: 9.851 GC heap before
{Heap before GC invocations=8 (full 0):
 garbage-first heap   total reserved 3086336K, committed 116736K, used 99327K [0x0000000743a00000, 0x0000000800000000)
  region size 2048K, 27 young (55296K), 3 survivors (6144K)
 Metaspace       used 29615K, committed 30080K, reserved 1114112K
  class space    used 3405K, committed 3584K, reserved 1048576K
}
Event: 9.863 GC heap after
{Heap after GC invocations=9 (full 0):
 garbage-first heap   total reserved 3086336K, committed 116736K, used 51832K [0x0000000743a00000, 0x0000000800000000)
  region size 2048K, 2 young (4096K), 2 survivors (4096K)
 Metaspace       used 29615K, committed 30080K, reserved 1114112K
  class space    used 3405K, committed 3584K, reserved 1048576K
}
Event: 10.205 GC heap before
{Heap before GC invocations=9 (full 0):
 garbage-first heap   total reserved 3086336K, committed 116736K, used 100984K [0x0000000743a00000, 0x0000000800000000)
  region size 2048K, 26 young (53248K), 2 survivors (4096K)
 Metaspace       used 29709K, committed 30208K, reserved 1114112K
  class space    used 3405K, committed 3648K, reserved 1048576K
}
Event: 10.212 GC heap after
{Heap after GC invocations=10 (full 0):
 garbage-first heap   total reserved 3086336K, committed 141312K, used 51894K [0x0000000743a00000, 0x0000000800000000)
  region size 2048K, 2 young (4096K), 2 survivors (4096K)
 Metaspace       used 29709K, committed 30208K, reserved 1114112K
  class space    used 3405K, committed 3648K, reserved 1048576K
}
Event: 11.273 GC heap before
{Heap before GC invocations=10 (full 0):
 garbage-first heap   total reserved 3086336K, committed 141312K, used 121526K [0x0000000743a00000, 0x0000000800000000)
  region size 2048K, 36 young (73728K), 2 survivors (4096K)
 Metaspace       used 31874K, committed 32320K, reserved 1114112K
  class space    used 3642K, committed 3840K, reserved 1048576K
}
Event: 11.281 GC heap after
{Heap after GC invocations=11 (full 0):
 garbage-first heap   total reserved 3086336K, committed 141312K, used 53802K [0x0000000743a00000, 0x0000000800000000)
  region size 2048K, 3 young (6144K), 3 survivors (6144K)
 Metaspace       used 31874K, committed 32320K, reserved 1114112K
  class space    used 3642K, committed 3840K, reserved 1048576K
}
Event: 13.048 GC heap before
{Heap before GC invocations=11 (full 0):
 garbage-first heap   total reserved 3086336K, committed 141312K, used 123434K [0x0000000743a00000, 0x0000000800000000)
  region size 2048K, 37 young (75776K), 3 survivors (6144K)
 Metaspace       used 32345K, committed 32896K, reserved 1114112K
  class space    used 3680K, committed 3904K, reserved 1048576K
}
Event: 13.070 GC heap after
{Heap after GC invocations=12 (full 0):
 garbage-first heap   total reserved 3086336K, committed 151552K, used 75381K [0x0000000743a00000, 0x0000000800000000)
  region size 2048K, 5 young (10240K), 5 survivors (10240K)
 Metaspace       used 32345K, committed 32896K, reserved 1114112K
  class space    used 3680K, committed 3904K, reserved 1048576K
}
Event: 13.974 GC heap before
{Heap before GC invocations=12 (full 0):
 garbage-first heap   total reserved 3086336K, committed 151552K, used 124533K [0x0000000743a00000, 0x0000000800000000)
  region size 2048K, 29 young (59392K), 5 survivors (10240K)
 Metaspace       used 33672K, committed 34240K, reserved 1114112K
  class space    used 3842K, committed 4096K, reserved 1048576K
}
Event: 13.983 GC heap after
{Heap after GC invocations=13 (full 0):
 garbage-first heap   total reserved 3086336K, committed 151552K, used 82023K [0x0000000743a00000, 0x0000000800000000)
  region size 2048K, 4 young (8192K), 4 survivors (8192K)
 Metaspace       used 33672K, committed 34240K, reserved 1114112K
  class space    used 3842K, committed 4096K, reserved 1048576K
}
Event: 16.351 GC heap before
{Heap before GC invocations=13 (full 0):
 garbage-first heap   total reserved 3086336K, committed 151552K, used 98407K [0x0000000743a00000, 0x0000000800000000)
  region size 2048K, 14 young (28672K), 4 survivors (8192K)
 Metaspace       used 35767K, committed 36288K, reserved 1114112K
  class space    used 4045K, committed 4288K, reserved 1048576K
}
Event: 16.356 GC heap after
{Heap after GC invocations=14 (full 0):
 garbage-first heap   total reserved 3086336K, committed 151552K, used 83661K [0x0000000743a00000, 0x0000000800000000)
  region size 2048K, 2 young (4096K), 2 survivors (4096K)
 Metaspace       used 35767K, committed 36288K, reserved 1114112K
  class space    used 4045K, committed 4288K, reserved 1048576K
}

