# JRE version: OpenJDK Runtime Environment (23.0.2+7) (build 23.0.2+7-58)
# Java VM: OpenJDK 64-Bit Server VM (23.0.2+7-58, mixed mode, sharing, tiered, compressed oops, compressed class ptrs, g1 gc, windows-amd64)
GC Precious Log:
 CardTable entry size: 512
 Card Set container configuration: InlinePtr #cards 4 size 8 Array Of Cards #cards 16 size 48 Howl #buckets 8 coarsen threshold 3686 Howl Bitmap #cards 512 size 80 coarsen threshold 460 Card regions per heap region 1 cards per card region 4096
 CPUs: 8 total, 8 available
 Memory: 12051M
 Large Page Support: Disabled
 NUMA Support: Disabled
 Compressed Oops: Enabled (Zero based)
 Heap Region Size: 2M
 Heap Min Capacity: 8M
 Heap Initial Capacity: 190M
 Heap Max Capacity: 3014M
 Pre-touch: Disabled
 Parallel Workers: 8
 Concurrent Workers: 2
 Concurrent Refinement Workers: 8
 Periodic GC: Disabled
Heap:
 garbage-first heap   total reserved 3086336K, committed 610304K, used 312010K [0x0000000743a00000, 0x0000000800000000)
  region size 2048K, 5 young (10240K), 1 survivors (2048K)
 Metaspace       used 79923K, committed 80704K, reserved 1179648K
  class space    used 11033K, committed 11392K, reserved 1048576K
GC Heap History (20 events):
Event: 75.034 GC heap before
{Heap before GC invocations=21 (full 0):
 garbage-first heap   total reserved 3086336K, committed 135168K, used 132493K [0x0000000743a00000, 0x0000000800000000)
  region size 2048K, 10 young (20480K), 2 survivors (4096K)
 Metaspace       used 79048K, committed 79808K, reserved 1179648K
  class space    used 10984K, committed 11328K, reserved 1048576K
}
Event: 75.037 GC heap after
{Heap after GC invocations=22 (full 0):
 garbage-first heap   total reserved 3086336K, committed 139264K, used 38472K [0x0000000743a00000, 0x0000000800000000)
  region size 2048K, 1 young (2048K), 1 survivors (2048K)
 Metaspace       used 79048K, committed 79808K, reserved 1179648K
  class space    used 10984K, committed 11328K, reserved 1048576K
}
Event: 116.373 GC heap before
{Heap before GC invocations=22 (full 0):
 garbage-first heap   total reserved 3086336K, committed 139264K, used 134728K [0x0000000743a00000, 0x0000000800000000)
  region size 2048K, 11 young (22528K), 1 survivors (2048K)
 Metaspace       used 79168K, committed 79936K, reserved 1179648K
  class space    used 10985K, committed 11328K, reserved 1048576K
}
Event: 116.415 GC heap after
{Heap after GC invocations=23 (full 0):
 garbage-first heap   total reserved 3086336K, committed 141312K, used 38601K [0x0000000743a00000, 0x0000000800000000)
  region size 2048K, 1 young (2048K), 1 survivors (2048K)
 Metaspace       used 79168K, committed 79936K, reserved 1179648K
  class space    used 10985K, committed 11328K, reserved 1048576K
}
Event: 494.850 GC heap before
{Heap before GC invocations=23 (full 0):
 garbage-first heap   total reserved 3086336K, committed 141312K, used 50889K [0x0000000743a00000, 0x0000000800000000)
  region size 2048K, 9 young (18432K), 1 survivors (2048K)
 Metaspace       used 79349K, committed 80128K, reserved 1179648K
  class space    used 10986K, committed 11328K, reserved 1048576K
}
Event: 494.863 GC heap after
{Heap after GC invocations=24 (full 0):
 garbage-first heap   total reserved 3086336K, committed 141312K, used 37206K [0x0000000743a00000, 0x0000000800000000)
  region size 2048K, 1 young (2048K), 1 survivors (2048K)
 Metaspace       used 79349K, committed 80128K, reserved 1179648K
  class space    used 10986K, committed 11328K, reserved 1048576K
}
Event: 583.812 GC heap before
{Heap before GC invocations=25 (full 0):
 garbage-first heap   total reserved 3086336K, committed 372736K, used 368982K [0x0000000743a00000, 0x0000000800000000)
  region size 2048K, 6 young (12288K), 1 survivors (2048K)
 Metaspace       used 79411K, committed 80192K, reserved 1179648K
  class space    used 10988K, committed 11328K, reserved 1048576K
}
Event: 583.823 GC heap after
{Heap after GC invocations=26 (full 0):
 garbage-first heap   total reserved 3086336K, committed 374784K, used 49551K [0x0000000743a00000, 0x0000000800000000)
  region size 2048K, 1 young (2048K), 1 survivors (2048K)
 Metaspace       used 79411K, committed 80192K, reserved 1179648K
  class space    used 10988K, committed 11328K, reserved 1048576K
}
Event: 663.061 GC heap before
{Heap before GC invocations=26 (full 0):
 garbage-first heap   total reserved 3086336K, committed 528384K, used 524687K [0x0000000743a00000, 0x0000000800000000)
  region size 2048K, 16 young (32768K), 1 survivors (2048K)
 Metaspace       used 79525K, committed 80256K, reserved 1179648K
  class space    used 10990K, committed 11328K, reserved 1048576K
}
Event: 663.067 GC heap after
{Heap after GC invocations=27 (full 0):
 garbage-first heap   total reserved 3086336K, committed 532480K, used 49440K [0x0000000743a00000, 0x0000000800000000)
  region size 2048K, 1 young (2048K), 1 survivors (2048K)
 Metaspace       used 79525K, committed 80256K, reserved 1179648K
  class space    used 10990K, committed 11328K, reserved 1048576K
}
Event: 665.114 GC heap before
{Heap before GC invocations=27 (full 0):
 garbage-first heap   total reserved 3086336K, committed 532480K, used 221472K [0x0000000743a00000, 0x0000000800000000)
  region size 2048K, 5 young (10240K), 1 survivors (2048K)
 Metaspace       used 79563K, committed 80320K, reserved 1179648K
  class space    used 10991K, committed 11328K, reserved 1048576K
}
Event: 665.124 GC heap after
{Heap after GC invocations=28 (full 0):
 garbage-first heap   total reserved 3086336K, committed 532480K, used 79240K [0x0000000743a00000, 0x0000000800000000)
  region size 2048K, 1 young (2048K), 1 survivors (2048K)
 Metaspace       used 79563K, committed 80320K, reserved 1179648K
  class space    used 10991K, committed 11328K, reserved 1048576K
}
Event: 704.966 GC heap before
{Heap before GC invocations=28 (full 0):
 garbage-first heap   total reserved 3086336K, committed 532480K, used 99720K [0x0000000743a00000, 0x0000000800000000)
  region size 2048K, 6 young (12288K), 1 survivors (2048K)
 Metaspace       used 79818K, committed 80640K, reserved 1179648K
  class space    used 11033K, committed 11392K, reserved 1048576K
}
Event: 704.969 GC heap after
{Heap after GC invocations=29 (full 0):
 garbage-first heap   total reserved 3086336K, committed 532480K, used 36377K [0x0000000743a00000, 0x0000000800000000)
  region size 2048K, 1 young (2048K), 1 survivors (2048K)
 Metaspace       used 79818K, committed 80640K, reserved 1179648K
  class space    used 11033K, committed 11392K, reserved 1048576K
}
Event: 705.009 GC heap before
{Heap before GC invocations=29 (full 0):
 garbage-first heap   total reserved 3086336K, committed 532480K, used 79385K [0x0000000743a00000, 0x0000000800000000)
  region size 2048K, 3 young (6144K), 1 survivors (2048K)
 Metaspace       used 79820K, committed 80640K, reserved 1179648K
  class space    used 11033K, committed 11392K, reserved 1048576K
}
Event: 705.012 GC heap after
{Heap after GC invocations=30 (full 0):
 garbage-first heap   total reserved 3086336K, committed 532480K, used 77330K [0x0000000743a00000, 0x0000000800000000)
  region size 2048K, 1 young (2048K), 1 survivors (2048K)
 Metaspace       used 79820K, committed 80640K, reserved 1179648K
  class space    used 11033K, committed 11392K, reserved 1048576K
}
Event: 705.014 GC heap before
{Heap before GC invocations=30 (full 0):
 garbage-first heap   total reserved 3086336K, committed 532480K, used 83474K [0x0000000743a00000, 0x0000000800000000)
  region size 2048K, 2 young (4096K), 1 survivors (2048K)
 Metaspace       used 79821K, committed 80640K, reserved 1179648K
  class space    used 11033K, committed 11392K, reserved 1048576K
}
Event: 705.016 GC heap after
{Heap after GC invocations=31 (full 0):
 garbage-first heap   total reserved 3086336K, committed 532480K, used 79419K [0x0000000743a00000, 0x0000000800000000)
  region size 2048K, 1 young (2048K), 1 survivors (2048K)
 Metaspace       used 79821K, committed 80640K, reserved 1179648K
  class space    used 11033K, committed 11392K, reserved 1048576K
}
Event: 710.333 GC heap before
{Heap before GC invocations=32 (full 0):
 garbage-first heap   total reserved 3086336K, committed 608256K, used 603707K [0x0000000743a00000, 0x0000000800000000)
  region size 2048K, 10 young (20480K), 1 survivors (2048K)
 Metaspace       used 79906K, committed 80704K, reserved 1179648K
  class space    used 11033K, committed 11392K, reserved 1048576K
}
Event: 710.350 GC heap after
{Heap after GC invocations=33 (full 0):
 garbage-first heap   total reserved 3086336K, committed 610304K, used 62154K [0x0000000743a00000, 0x0000000800000000)
  region size 2048K, 1 young (2048K), 1 survivors (2048K)
 Metaspace       used 79906K, committed 80704K, reserved 1179648K
  class space    used 11033K, committed 11392K, reserved 1048576K
}

